<?xml version="1.0" encoding="UTF-8"?>
<!-- Generated by org.testng.reporters.JUnitXMLReporter -->
<testsuite ignored="0" hostname="DESKTOP-K5QR6PC" failures="0" tests="4" name="Command line test" time="0.084" errors="0" timestamp="2021-12-16T23:47:20 IST">
  <testcase classname="package1.FirstTest" name="demo" time="0.009"/>
  <testcase classname="package2.SecondTest" name="demo" time="0.001"/>
  <testcase classname="package3.ThirdTest" name="demo" time="0.0"/>
  <testcase classname="package4.FourthTest" name="demo" time="0.001"/>
</testsuite> <!-- Command line test -->
