<?xml version="1.0" encoding="UTF-8"?>
<testng-results ignored="0" total="1" passed="1" failed="0" skipped="0">
  <reporter-output>
  </reporter-output>
  <suite started-at="2021-12-16T23:49:29 IST" name="Suite" finished-at="2021-12-16T23:50:15 IST" duration-ms="45448">
    <groups>
    </groups>
    <test started-at="2021-12-16T23:49:29 IST" name="Test" finished-at="2021-12-16T23:50:15 IST" duration-ms="45448">
      <class name="package1.PracticeTest">
        <test-method signature="testMethod()[pri:0, instance:package1.PracticeTest@7a4ccb53]" started-at="2021-12-16T23:49:29 IST" name="testMethod" finished-at="2021-12-16T23:50:15 IST" duration-ms="45372" status="PASS">
          <reporter-output>
          </reporter-output>
        </test-method> <!-- testMethod -->
      </class> <!-- package1.PracticeTest -->
    </test> <!-- Test -->
  </suite> <!-- Suite -->
</testng-results>
